<?xml version="1.0" encoding="utf-8"?>
<TestRun id="a1752aed-3650-4d08-9277-7d958ad90178" name="a.naarayanan@ICM-243 2022-06-17 13:03:58" runUser="ICM\a.naarayanan" xmlns="http://microsoft.com/schemas/VisualStudio/TeamTest/2010">
  <Times creation="2022-06-17T13:03:58.8610646+10:00" queuing="2022-06-17T13:03:58.8610652+10:00" start="2022-06-17T13:03:53.8635090+10:00" finish="2022-06-17T13:06:52.1966039+10:00" />
  <TestSettings name="default" id="c287a53e-f381-4b25-adfa-10ccf8824228">
    <Deployment runDeploymentRoot="a.naarayanan_ICM-243_2022-06-17_13_03_58" />
  </TestSettings>
  <Results>
    <UnitTestResult executionId="8b6ff7dd-65f9-41ca-8df4-b0125250d9f3" testId="ad8ace94-c190-c9cf-c70d-c2eea97c18d8" testName="Verify_registration_1" computerName="ICM-243" duration="00:00:03.0610495" startTime="2022-06-17T13:03:58.8304311+10:00" endTime="2022-06-17T13:04:01.8922021+10:00" testType="13cdc9d9-ddb5-4fa4-a97d-d965ccfc6d4b" outcome="Passed" testListId="8c84fa94-04c1-424b-9868-57a2d4851a1d" relativeResultsDirectory="8b6ff7dd-65f9-41ca-8df4-b0125250d9f3">
      <Output>
        <StdOut>Debug Trace:
Verify_registration_1 Started Test:&#xD;
Verify_registration_1 Clicked the register button&#xD;
Verify_registration_1 Entered the user name -Lucy2539991&#xD;
Verify_registration_1 Entered the password&#xD;
Verify_registration_1 Re-entered the password&#xD;
Verify_registration_1 Clicked on the sign up button&#xD;
Verify_registration_1 System throws message User already exists&#xD;
Verify_registration_1 Finished Test:</StdOut>
      </Output>
    </UnitTestResult>
    <UnitTestResult executionId="f518765a-8bb3-419a-9320-99389739e412" testId="3fbe73b6-c9a3-60e6-142f-c4a8accfc2f3" testName="Verify_website_availablity" computerName="ICM-243" duration="00:00:02.2623617" startTime="2022-06-17T13:03:54.9055811+10:00" endTime="2022-06-17T13:03:58.8019765+10:00" testType="13cdc9d9-ddb5-4fa4-a97d-d965ccfc6d4b" outcome="Passed" testListId="8c84fa94-04c1-424b-9868-57a2d4851a1d" relativeResultsDirectory="f518765a-8bb3-419a-9320-99389739e412">
      <Output>
        <StdOut>Debug Trace:
InitializeBrowser Chrome is successful launched&#xD;
Verify_website_availablity Started Test:&#xD;
Web page is loaded correctly&#xD;
Verify_website_availablity Finished Test:</StdOut>
      </Output>
    </UnitTestResult>
    <UnitTestResult executionId="61f4210f-1a3f-41a8-b7fa-2ee22e035fa9" testId="103d242d-9d34-eee1-9864-ffdd927e532e" testName="Verify_leader_board_2" computerName="ICM-243" duration="00:02:49.9440991" startTime="2022-06-17T13:04:01.8961024+10:00" endTime="2022-06-17T13:06:51.8420387+10:00" testType="13cdc9d9-ddb5-4fa4-a97d-d965ccfc6d4b" outcome="Passed" testListId="8c84fa94-04c1-424b-9868-57a2d4851a1d" relativeResultsDirectory="61f4210f-1a3f-41a8-b7fa-2ee22e035fa9">
      <Output>
        <StdOut>Debug Trace:
Verify_leader_board_2 Started Test:&#xD;
Verify_leader_board_2 User clicked on login button&#xD;
Verify_leader_board_2 User entered on user name&#xD;
Verify_leader_board_2 User to enter the password&#xD;
Verify_leader_board_2 User clicked on submit button&#xD;
Verify_leader_board_2 user logged in successfully&#xD;
Verify_leader_board_2 User clicked on start button&#xD;
Verify_leader_board_2 User clicked on enter your link button&#xD;
Verify_leader_board_2user started the test successfully&#xD;
Verify_leader_board_2 User Re started the test successfully&#xD;
Verify_leader_board_2 User finished the test successfully&#xD;
Verify_leader_board_2 User Re started the test successfully&#xD;
Verify_leader_board_2 User finished the test successfully&#xD;
Verify_leader_board_2 User Re started the test successfully&#xD;
Verify_leader_board_2 User finished the test successfully&#xD;
Verify_leader_board_2 User Re started the test successfully&#xD;
Verify_leader_board_2 User finished the test successfully&#xD;
Verify_leader_board_2 User has reached the desired score-2211&#xD;
Verify_leader_board_2 Finished Test:</StdOut>
      </Output>
    </UnitTestResult>
  </Results>
  <TestDefinitions>
    <UnitTest name="Verify_registration_1" storage="c:\users\a.naarayanan\source\repos\responsive_tests\www.responsivefight.tests\bin\debug\netcoreapp3.1\www.responsivefight.tests.dll" id="ad8ace94-c190-c9cf-c70d-c2eea97c18d8">
      <Execution id="8b6ff7dd-65f9-41ca-8df4-b0125250d9f3" />
      <TestMethod codeBase="C:\Users\a.naarayanan\source\repos\responsive_tests\www.responsivefight.tests\bin\Debug\netcoreapp3.1\www.responsivefight.tests.dll" adapterTypeName="executor://mstestadapter/v2" className="www.responsivefight.tests.RegressionTests" name="Verify_registration_1" />
    </UnitTest>
    <UnitTest name="Verify_leader_board_2" storage="c:\users\a.naarayanan\source\repos\responsive_tests\www.responsivefight.tests\bin\debug\netcoreapp3.1\www.responsivefight.tests.dll" id="103d242d-9d34-eee1-9864-ffdd927e532e">
      <Execution id="61f4210f-1a3f-41a8-b7fa-2ee22e035fa9" />
      <TestMethod codeBase="C:\Users\a.naarayanan\source\repos\responsive_tests\www.responsivefight.tests\bin\Debug\netcoreapp3.1\www.responsivefight.tests.dll" adapterTypeName="executor://mstestadapter/v2" className="www.responsivefight.tests.RegressionTests" name="Verify_leader_board_2" />
    </UnitTest>
    <UnitTest name="Verify_website_availablity" storage="c:\users\a.naarayanan\source\repos\responsive_tests\www.responsivefight.tests\bin\debug\netcoreapp3.1\www.responsivefight.tests.dll" id="3fbe73b6-c9a3-60e6-142f-c4a8accfc2f3">
      <Execution id="f518765a-8bb3-419a-9320-99389739e412" />
      <TestMethod codeBase="C:\Users\a.naarayanan\source\repos\responsive_tests\www.responsivefight.tests\bin\Debug\netcoreapp3.1\www.responsivefight.tests.dll" adapterTypeName="executor://mstestadapter/v2" className="www.responsivefight.tests.RegressionTests" name="Verify_website_availablity" />
    </UnitTest>
  </TestDefinitions>
  <TestEntries>
    <TestEntry testId="ad8ace94-c190-c9cf-c70d-c2eea97c18d8" executionId="8b6ff7dd-65f9-41ca-8df4-b0125250d9f3" testListId="8c84fa94-04c1-424b-9868-57a2d4851a1d" />
    <TestEntry testId="3fbe73b6-c9a3-60e6-142f-c4a8accfc2f3" executionId="f518765a-8bb3-419a-9320-99389739e412" testListId="8c84fa94-04c1-424b-9868-57a2d4851a1d" />
    <TestEntry testId="103d242d-9d34-eee1-9864-ffdd927e532e" executionId="61f4210f-1a3f-41a8-b7fa-2ee22e035fa9" testListId="8c84fa94-04c1-424b-9868-57a2d4851a1d" />
  </TestEntries>
  <TestLists>
    <TestList name="Results Not in a List" id="8c84fa94-04c1-424b-9868-57a2d4851a1d" />
    <TestList name="All Loaded Results" id="19431567-8539-422a-85d7-44ee4e166bda" />
  </TestLists>
  <ResultSummary outcome="Completed">
    <Counters total="3" executed="3" passed="3" failed="0" error="0" timeout="0" aborted="0" inconclusive="0" passedButRunAborted="0" notRunnable="0" notExecuted="0" disconnected="0" warning="0" completed="0" inProgress="0" pending="0" />
    <RunInfos>
      <RunInfo computerName="ICM-243" outcome="Warning" timestamp="2022-06-17T13:03:54.2616173+10:00">
        <Text>Data collection : Unable to find a datacollector with friendly name 'Code Coverage'.</Text>
      </RunInfo>
      <RunInfo computerName="ICM-243" outcome="Warning" timestamp="2022-06-17T13:03:54.2616610+10:00">
        <Text>Data collection : Could not find data collector 'Code Coverage'</Text>
      </RunInfo>
    </RunInfos>
  </ResultSummary>
</TestRun>
