<?xml version="1.0" encoding="utf-8"?>
<TestRun id="cf3f00f6-ada8-45aa-8564-cb395b3cf4bd" name="a.naarayanan@ICM-243 2022-06-17 12:51:47" runUser="ICM\a.naarayanan" xmlns="http://microsoft.com/schemas/VisualStudio/TeamTest/2010">
  <Times creation="2022-06-17T12:51:47.3497449+10:00" queuing="2022-06-17T12:51:47.3497458+10:00" start="2022-06-17T12:51:42.1695407+10:00" finish="2022-06-17T12:54:43.0747411+10:00" />
  <TestSettings name="default" id="dca536aa-d1fc-4e0a-90da-97df646d2429">
    <Deployment runDeploymentRoot="a.naarayanan_ICM-243_2022-06-17_12_51_47" />
  </TestSettings>
  <Results>
    <UnitTestResult executionId="9ad61524-7552-4d4f-8d26-75d31c0f5a43" testId="ad8ace94-c190-c9cf-c70d-c2eea97c18d8" testName="Verify_registration_1" computerName="ICM-243" duration="00:00:03.0785612" startTime="2022-06-17T12:51:47.3236332+10:00" endTime="2022-06-17T12:51:50.4026862+10:00" testType="13cdc9d9-ddb5-4fa4-a97d-d965ccfc6d4b" outcome="Passed" testListId="8c84fa94-04c1-424b-9868-57a2d4851a1d" relativeResultsDirectory="9ad61524-7552-4d4f-8d26-75d31c0f5a43">
      <Output>
        <StdOut>Debug Trace:
Verify_registration_1 Started Test:&#xD;
Verify_registration_1 Clicked the register button&#xD;
Verify_registration_1 Entered the user name -Lucy2539991&#xD;
Verify_registration_1 Entered the password&#xD;
Verify_registration_1 Re-entered the password&#xD;
Verify_registration_1 Clicked on the sign up button&#xD;
Verify_registration_1 System throws message User already exists&#xD;
Verify_registration_1 Finished Test:</StdOut>
      </Output>
    </UnitTestResult>
    <UnitTestResult executionId="c8b561a1-9724-489a-a79a-20917d79218b" testId="103d242d-9d34-eee1-9864-ffdd927e532e" testName="Verify_leader_board_2" computerName="ICM-243" duration="00:02:50.9371310" startTime="2022-06-17T12:51:50.4053096+10:00" endTime="2022-06-17T12:54:41.3441947+10:00" testType="13cdc9d9-ddb5-4fa4-a97d-d965ccfc6d4b" outcome="Passed" testListId="8c84fa94-04c1-424b-9868-57a2d4851a1d" relativeResultsDirectory="c8b561a1-9724-489a-a79a-20917d79218b">
      <Output>
        <StdOut>Debug Trace:
Verify_leader_board_2 Started Test:&#xD;
Verify_leader_board_2 User clicked on login button&#xD;
Verify_leader_board_2 User entered on user name&#xD;
Verify_leader_board_2 User to enter the password&#xD;
Verify_leader_board_2 User clicked on submit button&#xD;
Verify_leader_board_2 user logged in successfully&#xD;
Verify_leader_board_2 User clicked on start button&#xD;
Verify_leader_board_2 User clicked on enter your link button&#xD;
Verify_leader_board_2user started the test successfully&#xD;
Verify_leader_board_2 User Re started the test successfully&#xD;
Verify_leader_board_2 User finished the test successfully&#xD;
Verify_leader_board_2 User Re started the test successfully&#xD;
Verify_leader_board_2 User finished the test successfully&#xD;
Verify_leader_board_2 User Re started the test successfully&#xD;
Verify_leader_board_2 User finished the test successfully&#xD;
Verify_leader_board_2 User Re started the test successfully&#xD;
Verify_leader_board_2 User finished the test successfully&#xD;
Verify_leader_board_2 User has reached the desired score-2211&#xD;
Verify_leader_board_2 Finished Test:</StdOut>
      </Output>
    </UnitTestResult>
    <UnitTestResult executionId="001986c8-f7e9-4dc0-9b85-b309fb0773d8" testId="3fbe73b6-c9a3-60e6-142f-c4a8accfc2f3" testName="Verify_website_availablity" computerName="ICM-243" duration="00:00:02.3021242" startTime="2022-06-17T12:51:43.2353888+10:00" endTime="2022-06-17T12:51:47.2854129+10:00" testType="13cdc9d9-ddb5-4fa4-a97d-d965ccfc6d4b" outcome="Passed" testListId="8c84fa94-04c1-424b-9868-57a2d4851a1d" relativeResultsDirectory="001986c8-f7e9-4dc0-9b85-b309fb0773d8">
      <Output>
        <StdOut>Debug Trace:
InitializeBrowser MSEdge is successful launched&#xD;
Verify_website_availablity Started Test:&#xD;
Web page is loaded correctly&#xD;
Verify_website_availablity Finished Test:</StdOut>
      </Output>
    </UnitTestResult>
  </Results>
  <TestDefinitions>
    <UnitTest name="Verify_registration_1" storage="c:\users\a.naarayanan\source\repos\responsive_tests\www.responsivefight.tests\bin\debug\netcoreapp3.1\www.responsivefight.tests.dll" id="ad8ace94-c190-c9cf-c70d-c2eea97c18d8">
      <Execution id="9ad61524-7552-4d4f-8d26-75d31c0f5a43" />
      <TestMethod codeBase="C:\Users\a.naarayanan\source\repos\responsive_tests\www.responsivefight.tests\bin\Debug\netcoreapp3.1\www.responsivefight.tests.dll" adapterTypeName="executor://mstestadapter/v2" className="www.responsivefight.tests.RegressionTests" name="Verify_registration_1" />
    </UnitTest>
    <UnitTest name="Verify_leader_board_2" storage="c:\users\a.naarayanan\source\repos\responsive_tests\www.responsivefight.tests\bin\debug\netcoreapp3.1\www.responsivefight.tests.dll" id="103d242d-9d34-eee1-9864-ffdd927e532e">
      <Execution id="c8b561a1-9724-489a-a79a-20917d79218b" />
      <TestMethod codeBase="C:\Users\a.naarayanan\source\repos\responsive_tests\www.responsivefight.tests\bin\Debug\netcoreapp3.1\www.responsivefight.tests.dll" adapterTypeName="executor://mstestadapter/v2" className="www.responsivefight.tests.RegressionTests" name="Verify_leader_board_2" />
    </UnitTest>
    <UnitTest name="Verify_website_availablity" storage="c:\users\a.naarayanan\source\repos\responsive_tests\www.responsivefight.tests\bin\debug\netcoreapp3.1\www.responsivefight.tests.dll" id="3fbe73b6-c9a3-60e6-142f-c4a8accfc2f3">
      <Execution id="001986c8-f7e9-4dc0-9b85-b309fb0773d8" />
      <TestMethod codeBase="C:\Users\a.naarayanan\source\repos\responsive_tests\www.responsivefight.tests\bin\Debug\netcoreapp3.1\www.responsivefight.tests.dll" adapterTypeName="executor://mstestadapter/v2" className="www.responsivefight.tests.RegressionTests" name="Verify_website_availablity" />
    </UnitTest>
  </TestDefinitions>
  <TestEntries>
    <TestEntry testId="ad8ace94-c190-c9cf-c70d-c2eea97c18d8" executionId="9ad61524-7552-4d4f-8d26-75d31c0f5a43" testListId="8c84fa94-04c1-424b-9868-57a2d4851a1d" />
    <TestEntry testId="103d242d-9d34-eee1-9864-ffdd927e532e" executionId="c8b561a1-9724-489a-a79a-20917d79218b" testListId="8c84fa94-04c1-424b-9868-57a2d4851a1d" />
    <TestEntry testId="3fbe73b6-c9a3-60e6-142f-c4a8accfc2f3" executionId="001986c8-f7e9-4dc0-9b85-b309fb0773d8" testListId="8c84fa94-04c1-424b-9868-57a2d4851a1d" />
  </TestEntries>
  <TestLists>
    <TestList name="Results Not in a List" id="8c84fa94-04c1-424b-9868-57a2d4851a1d" />
    <TestList name="All Loaded Results" id="19431567-8539-422a-85d7-44ee4e166bda" />
  </TestLists>
  <ResultSummary outcome="Completed">
    <Counters total="3" executed="3" passed="3" failed="0" error="0" timeout="0" aborted="0" inconclusive="0" passedButRunAborted="0" notRunnable="0" notExecuted="0" disconnected="0" warning="0" completed="0" inProgress="0" pending="0" />
    <RunInfos>
      <RunInfo computerName="ICM-243" outcome="Warning" timestamp="2022-06-17T12:51:42.5778877+10:00">
        <Text>Data collection : Unable to find a datacollector with friendly name 'Code Coverage'.</Text>
      </RunInfo>
      <RunInfo computerName="ICM-243" outcome="Warning" timestamp="2022-06-17T12:51:42.5779172+10:00">
        <Text>Data collection : Could not find data collector 'Code Coverage'</Text>
      </RunInfo>
    </RunInfos>
  </ResultSummary>
</TestRun>
