<?xml version="1.0" encoding="utf-8"?>
<TestRun id="01a97c7a-322c-40e6-b8b6-b97add1e714e" name="a.naarayanan@ICM-243 2022-06-17 12:58:52" runUser="ICM\a.naarayanan" xmlns="http://microsoft.com/schemas/VisualStudio/TeamTest/2010">
  <Times creation="2022-06-17T12:58:52.3312036+10:00" queuing="2022-06-17T12:58:52.3312043+10:00" start="2022-06-17T12:58:38.3420307+10:00" finish="2022-06-17T13:02:01.2410808+10:00" />
  <TestSettings name="default" id="593d6041-8f09-4b38-b2a2-24b723a36f6c">
    <Deployment runDeploymentRoot="a.naarayanan_ICM-243_2022-06-17_12_58_52" />
  </TestSettings>
  <Results>
    <UnitTestResult executionId="88ee3a6f-1174-4ce2-b061-0cb925a1e7cf" testId="103d242d-9d34-eee1-9864-ffdd927e532e" testName="Verify_leader_board_2" computerName="ICM-243" duration="00:03:04.7262644" startTime="2022-06-17T12:58:55.6660210+10:00" endTime="2022-06-17T13:02:00.3940035+10:00" testType="13cdc9d9-ddb5-4fa4-a97d-d965ccfc6d4b" outcome="Passed" testListId="8c84fa94-04c1-424b-9868-57a2d4851a1d" relativeResultsDirectory="88ee3a6f-1174-4ce2-b061-0cb925a1e7cf">
      <Output>
        <StdOut>Debug Trace:
Verify_leader_board_2 Started Test:&#xD;
Verify_leader_board_2 User clicked on login button&#xD;
Verify_leader_board_2 User entered on user name&#xD;
Verify_leader_board_2 User to enter the password&#xD;
Verify_leader_board_2 User clicked on submit button&#xD;
Verify_leader_board_2 user logged in successfully&#xD;
Verify_leader_board_2 User clicked on start button&#xD;
Verify_leader_board_2 User clicked on enter your link button&#xD;
Verify_leader_board_2user started the test successfully&#xD;
Verify_leader_board_2 User Re started the test successfully&#xD;
Verify_leader_board_2 User finished the test successfully&#xD;
Verify_leader_board_2 User Re started the test successfully&#xD;
Verify_leader_board_2 User finished the test successfully&#xD;
Verify_leader_board_2 User Re started the test successfully&#xD;
Verify_leader_board_2 User finished the test successfully&#xD;
Verify_leader_board_2 User Re started the test successfully&#xD;
Verify_leader_board_2 User finished the test successfully&#xD;
Verify_leader_board_2 User has reached the desired score-2211&#xD;
Verify_leader_board_2 Finished Test:</StdOut>
      </Output>
    </UnitTestResult>
    <UnitTestResult executionId="206fb770-8908-4017-8bd8-bf9a2efbccf8" testId="ad8ace94-c190-c9cf-c70d-c2eea97c18d8" testName="Verify_registration_1" computerName="ICM-243" duration="00:00:03.3569528" startTime="2022-06-17T12:58:52.3057753+10:00" endTime="2022-06-17T12:58:55.6631930+10:00" testType="13cdc9d9-ddb5-4fa4-a97d-d965ccfc6d4b" outcome="Passed" testListId="8c84fa94-04c1-424b-9868-57a2d4851a1d" relativeResultsDirectory="206fb770-8908-4017-8bd8-bf9a2efbccf8">
      <Output>
        <StdOut>Debug Trace:
Verify_registration_1 Started Test:&#xD;
Verify_registration_1 Clicked the register button&#xD;
Verify_registration_1 Entered the user name -Lucy2539991&#xD;
Verify_registration_1 Entered the password&#xD;
Verify_registration_1 Re-entered the password&#xD;
Verify_registration_1 Clicked on the sign up button&#xD;
Verify_registration_1 System throws message User already exists&#xD;
Verify_registration_1 Finished Test:</StdOut>
      </Output>
    </UnitTestResult>
    <UnitTestResult executionId="54c2851b-7003-4c8c-9b7a-3fc782f1d14c" testId="3fbe73b6-c9a3-60e6-142f-c4a8accfc2f3" testName="Verify_website_availablity" computerName="ICM-243" duration="00:00:03.0063911" startTime="2022-06-17T12:58:39.4043499+10:00" endTime="2022-06-17T12:58:52.2745315+10:00" testType="13cdc9d9-ddb5-4fa4-a97d-d965ccfc6d4b" outcome="Passed" testListId="8c84fa94-04c1-424b-9868-57a2d4851a1d" relativeResultsDirectory="54c2851b-7003-4c8c-9b7a-3fc782f1d14c">
      <Output>
        <StdOut>Debug Trace:
InitializeBrowser Firefox is successful launched&#xD;
Verify_website_availablity Started Test:&#xD;
Web page is loaded correctly&#xD;
Verify_website_availablity Finished Test:</StdOut>
      </Output>
    </UnitTestResult>
  </Results>
  <TestDefinitions>
    <UnitTest name="Verify_registration_1" storage="c:\users\a.naarayanan\source\repos\responsive_tests\www.responsivefight.tests\bin\debug\netcoreapp3.1\www.responsivefight.tests.dll" id="ad8ace94-c190-c9cf-c70d-c2eea97c18d8">
      <Execution id="206fb770-8908-4017-8bd8-bf9a2efbccf8" />
      <TestMethod codeBase="C:\Users\a.naarayanan\source\repos\responsive_tests\www.responsivefight.tests\bin\Debug\netcoreapp3.1\www.responsivefight.tests.dll" adapterTypeName="executor://mstestadapter/v2" className="www.responsivefight.tests.RegressionTests" name="Verify_registration_1" />
    </UnitTest>
    <UnitTest name="Verify_leader_board_2" storage="c:\users\a.naarayanan\source\repos\responsive_tests\www.responsivefight.tests\bin\debug\netcoreapp3.1\www.responsivefight.tests.dll" id="103d242d-9d34-eee1-9864-ffdd927e532e">
      <Execution id="88ee3a6f-1174-4ce2-b061-0cb925a1e7cf" />
      <TestMethod codeBase="C:\Users\a.naarayanan\source\repos\responsive_tests\www.responsivefight.tests\bin\Debug\netcoreapp3.1\www.responsivefight.tests.dll" adapterTypeName="executor://mstestadapter/v2" className="www.responsivefight.tests.RegressionTests" name="Verify_leader_board_2" />
    </UnitTest>
    <UnitTest name="Verify_website_availablity" storage="c:\users\a.naarayanan\source\repos\responsive_tests\www.responsivefight.tests\bin\debug\netcoreapp3.1\www.responsivefight.tests.dll" id="3fbe73b6-c9a3-60e6-142f-c4a8accfc2f3">
      <Execution id="54c2851b-7003-4c8c-9b7a-3fc782f1d14c" />
      <TestMethod codeBase="C:\Users\a.naarayanan\source\repos\responsive_tests\www.responsivefight.tests\bin\Debug\netcoreapp3.1\www.responsivefight.tests.dll" adapterTypeName="executor://mstestadapter/v2" className="www.responsivefight.tests.RegressionTests" name="Verify_website_availablity" />
    </UnitTest>
  </TestDefinitions>
  <TestEntries>
    <TestEntry testId="103d242d-9d34-eee1-9864-ffdd927e532e" executionId="88ee3a6f-1174-4ce2-b061-0cb925a1e7cf" testListId="8c84fa94-04c1-424b-9868-57a2d4851a1d" />
    <TestEntry testId="ad8ace94-c190-c9cf-c70d-c2eea97c18d8" executionId="206fb770-8908-4017-8bd8-bf9a2efbccf8" testListId="8c84fa94-04c1-424b-9868-57a2d4851a1d" />
    <TestEntry testId="3fbe73b6-c9a3-60e6-142f-c4a8accfc2f3" executionId="54c2851b-7003-4c8c-9b7a-3fc782f1d14c" testListId="8c84fa94-04c1-424b-9868-57a2d4851a1d" />
  </TestEntries>
  <TestLists>
    <TestList name="Results Not in a List" id="8c84fa94-04c1-424b-9868-57a2d4851a1d" />
    <TestList name="All Loaded Results" id="19431567-8539-422a-85d7-44ee4e166bda" />
  </TestLists>
  <ResultSummary outcome="Completed">
    <Counters total="3" executed="3" passed="3" failed="0" error="0" timeout="0" aborted="0" inconclusive="0" passedButRunAborted="0" notRunnable="0" notExecuted="0" disconnected="0" warning="0" completed="0" inProgress="0" pending="0" />
    <RunInfos>
      <RunInfo computerName="ICM-243" outcome="Warning" timestamp="2022-06-17T12:58:38.7558498+10:00">
        <Text>Data collection : Unable to find a datacollector with friendly name 'Code Coverage'.</Text>
      </RunInfo>
      <RunInfo computerName="ICM-243" outcome="Warning" timestamp="2022-06-17T12:58:38.7558732+10:00">
        <Text>Data collection : Could not find data collector 'Code Coverage'</Text>
      </RunInfo>
    </RunInfos>
  </ResultSummary>
</TestRun>
